c:\users\sariaki\documents\code\github\amd-hypervisor\svm\x64\release\vc142.pdb
c:\users\sariaki\documents\code\github\amd-hypervisor\svm\x64\release\main.obj
c:\users\sariaki\documents\code\github\amd-hypervisor\svm\x64\release\svm\handlers\rdtsc.obj
c:\users\sariaki\documents\code\github\amd-hypervisor\svm\x64\release\svm\handlers\msr.obj
c:\users\sariaki\documents\code\github\amd-hypervisor\svm\x64\release\svm\handlers\vmexit.obj
c:\users\sariaki\documents\code\github\amd-hypervisor\svm\x64\release\svm\handlers\cpuid.obj
c:\users\sariaki\documents\code\github\amd-hypervisor\svm\x64\release\svm\svm.obj
c:\users\sariaki\documents\code\github\amd-hypervisor\svm\x64\release\svm\util\util.obj
c:\users\sariaki\documents\code\github\amd-hypervisor\x64\release\svm.sys
c:\users\sariaki\documents\code\github\amd-hypervisor\x64\release\svm.pdb
c:\users\sariaki\documents\code\github\amd-hypervisor\svm\x64\release\vmenter.obj
c:\users\sariaki\documents\code\github\amd-hypervisor\x64\release\svm.cer
c:\users\sariaki\documents\code\github\amd-hypervisor\svm\x64\release\svm.tlog\cl.command.1.tlog
c:\users\sariaki\documents\code\github\amd-hypervisor\svm\x64\release\svm.tlog\cl.read.1.tlog
c:\users\sariaki\documents\code\github\amd-hypervisor\svm\x64\release\svm.tlog\cl.write.1.tlog
c:\users\sariaki\documents\code\github\amd-hypervisor\svm\x64\release\svm.tlog\link.command.1.tlog
c:\users\sariaki\documents\code\github\amd-hypervisor\svm\x64\release\svm.tlog\link.read.1.tlog
c:\users\sariaki\documents\code\github\amd-hypervisor\svm\x64\release\svm.tlog\link.write.1.tlog
c:\users\sariaki\documents\code\github\amd-hypervisor\svm\x64\release\svm.tlog\masm.read.1u.tlog
c:\users\sariaki\documents\code\github\amd-hypervisor\svm\x64\release\svm.tlog\masm.write.1u.tlog
c:\users\sariaki\documents\code\github\amd-hypervisor\svm\x64\release\svm.tlog\signtool.command.1.tlog
c:\users\sariaki\documents\code\github\amd-hypervisor\svm\x64\release\svm.tlog\signtool.read.1.tlog
c:\users\sariaki\documents\code\github\amd-hypervisor\svm\x64\release\svm.tlog\signtool.timestamp.1.tlog
c:\users\sariaki\documents\code\github\amd-hypervisor\svm\x64\release\svm.tlog\signtool.write.1.tlog
